
 /----------------------------------------------------------------------------\
 |                                                                            |
 |  yosys -- Yosys Open SYnthesis Suite                                       |
 |                                                                            |
 |  Copyright (C) 2012 - 2019  Clifford Wolf <clifford@clifford.at>           |
 |                                                                            |
 |  Permission to use, copy, modify, and/or distribute this software for any  |
 |  purpose with or without fee is hereby granted, provided that the above    |
 |  copyright notice and this permission notice appear in all copies.         |
 |                                                                            |
 |  THE SOFTWARE IS PROVIDED "AS IS" AND THE AUTHOR DISCLAIMS ALL WARRANTIES  |
 |  WITH REGARD TO THIS SOFTWARE INCLUDING ALL IMPLIED WARRANTIES OF          |
 |  MERCHANTABILITY AND FITNESS. IN NO EVENT SHALL THE AUTHOR BE LIABLE FOR   |
 |  ANY SPECIAL, DIRECT, INDIRECT, OR CONSEQUENTIAL DAMAGES OR ANY DAMAGES    |
 |  WHATSOEVER RESULTING FROM LOSS OF USE, DATA OR PROFITS, WHETHER IN AN     |
 |  ACTION OF CONTRACT, NEGLIGENCE OR OTHER TORTIOUS ACTION, ARISING OUT OF   |
 |  OR IN CONNECTION WITH THE USE OR PERFORMANCE OF THIS SOFTWARE.            |
 |                                                                            |
 \----------------------------------------------------------------------------/

 Yosys 0.9 (git sha1 1979e0b)


-- Executing script file `run_miter_reset_ok.ys' --

1. Executing BLIF frontend.

2. Executing HIERARCHY pass (managing design hierarchy).

2.1. Analyzing design hierarchy..
Top module:  \counter

2.2. Analyzing design hierarchy..
Top module:  \counter
Removed 0 unused modules.
Renaming module \counter to \gate.

3. Executing BLIF frontend.

4. Executing HIERARCHY pass (managing design hierarchy).

4.1. Analyzing design hierarchy..
Top module:  \counter

4.2. Analyzing design hierarchy..
Top module:  \counter
Removed 0 unused modules.
Renaming module \counter to \gold.

5. Executing MITER pass (creating miter circuit).
Creating miter cell "miter" with gold cell "gold" and gate cell "gate".

5.1. Executing FLATTEN pass (flatten design).
Using template gate for cells of type gate.
Using template gold for cells of type gold.
<suppressed ~2 debug messages>
No more expansions possible.

5.2. Executing OPT_EXPR pass (perform const folding).
Optimizing module miter.
Removed 5 unused cells and 12 unused wires.

6. Executing PREP pass.

6.1. Executing HIERARCHY pass (managing design hierarchy).

6.1.1. Analyzing design hierarchy..
Top module:  \miter

6.1.2. Analyzing design hierarchy..
Top module:  \miter
Removing unused module `\gate'.
Removing unused module `\gold'.
Removed 2 unused modules.

6.2. Executing PROC pass (convert processes to netlists).

6.2.1. Executing PROC_CLEAN pass (remove empty switches from decision trees).
Cleaned up 0 empty switches.

6.2.2. Executing PROC_RMDEAD pass (remove dead branches from decision trees).
Removed a total of 0 dead cases.

6.2.3. Executing PROC_INIT pass (extract init attributes).

6.2.4. Executing PROC_ARST pass (detect async resets in processes).

6.2.5. Executing PROC_MUX pass (convert decision trees to multiplexers).

6.2.6. Executing PROC_DLATCH pass (convert process syncs to latches).

6.2.7. Executing PROC_DFF pass (convert process syncs to FFs).

6.2.8. Executing PROC_CLEAN pass (remove empty switches from decision trees).
Cleaned up 0 empty switches.

6.3. Executing OPT_EXPR pass (perform const folding).
Optimizing module miter.

6.4. Executing OPT_CLEAN pass (remove unused cells and wires).
Finding unused cells or wires in module \miter..

6.5. Executing CHECK pass (checking for obvious problems).
checking module miter..
found and reported 0 problems.

6.6. Executing OPT pass (performing simple optimizations).

6.6.1. Executing OPT_EXPR pass (perform const folding).
Optimizing module miter.

6.6.2. Executing OPT_MERGE pass (detect identical cells).
Finding identical cells in module `\miter'.
Removed a total of 0 cells.

6.6.3. Executing OPT_MUXTREE pass (detect dead branches in mux trees).
Running muxtree optimizer on module \miter..
  Creating internal representation of mux trees.
  No muxes found in this module.
Removed 0 multiplexer ports.

6.6.4. Executing OPT_REDUCE pass (consolidate $*mux and $reduce_* inputs).
  Optimizing cells in module \miter.
    New input vector for $reduce_and cell $auto$miter.cc:227:create_miter_equiv$141: { \cmp_count_3 \cmp_count_2 \cmp_count_1 \cmp_count_0 }
  Optimizing cells in module \miter.
Performed a total of 1 changes.

6.6.5. Executing OPT_MERGE pass (detect identical cells).
Finding identical cells in module `\miter'.
Removed a total of 0 cells.

6.6.6. Executing OPT_RMDFF pass (remove dff with constant values).

6.6.7. Executing OPT_CLEAN pass (remove unused cells and wires).
Finding unused cells or wires in module \miter..

6.6.8. Executing OPT_EXPR pass (perform const folding).
Optimizing module miter.

6.6.9. Rerunning OPT passes. (Maybe there is more to do..)

6.6.10. Executing OPT_MUXTREE pass (detect dead branches in mux trees).
Running muxtree optimizer on module \miter..
  Creating internal representation of mux trees.
  No muxes found in this module.
Removed 0 multiplexer ports.

6.6.11. Executing OPT_REDUCE pass (consolidate $*mux and $reduce_* inputs).
  Optimizing cells in module \miter.
Performed a total of 0 changes.

6.6.12. Executing OPT_MERGE pass (detect identical cells).
Finding identical cells in module `\miter'.
Removed a total of 0 cells.

6.6.13. Executing OPT_RMDFF pass (remove dff with constant values).

6.6.14. Executing OPT_CLEAN pass (remove unused cells and wires).
Finding unused cells or wires in module \miter..

6.6.15. Executing OPT_EXPR pass (perform const folding).
Optimizing module miter.

6.6.16. Finished OPT passes. (There is nothing left to do.)

6.7. Executing WREDUCE pass (reducing word size of cells).

6.8. Executing MEMORY_DFF pass (merging $dff cells to $memrd and $memwr).

6.9. Executing OPT_CLEAN pass (remove unused cells and wires).
Finding unused cells or wires in module \miter..

6.10. Executing MEMORY_COLLECT pass (generating $mem cells).

6.11. Executing OPT pass (performing simple optimizations).

6.11.1. Executing OPT_EXPR pass (perform const folding).
Optimizing module miter.

6.11.2. Executing OPT_MERGE pass (detect identical cells).
Finding identical cells in module `\miter'.
Removed a total of 0 cells.

6.11.3. Executing OPT_RMDFF pass (remove dff with constant values).

6.11.4. Executing OPT_CLEAN pass (remove unused cells and wires).
Finding unused cells or wires in module \miter..

6.11.5. Finished fast OPT passes.

6.12. Printing statistics.

=== miter ===

   Number of wires:                 81
   Number of wire bits:             81
   Number of public wires:          63
   Number of public wire bits:      63
   Number of memories:               0
   Number of memory bits:            0
   Number of processes:              0
   Number of cells:                 62
     $dff                            8
     $eqx                            4
     $lut                           48
     $not                            1
     $reduce_and                     1

6.13. Executing CHECK pass (checking for obvious problems).
checking module miter..
found and reported 0 problems.

7. Executing SAT pass (solving SAT problems in the circuit).

Setting up time step 1:
Import set-constraint for this timestep: \in_rst = 1'1
Final constraint equation: \in_rst = 1'1
Imported 62 cells to SAT database.
Import set-constraint from init attribute: \gate.count_0 = 1'0
Import set-constraint from init attribute: \gate.count_1 = 1'0
Import set-constraint from init attribute: \gate.count_2 = 1'0
Import set-constraint from init attribute: \gate.count_3 = 1'0
Final init constraint equation: { \gate.count_3 \gate.count_2 \gate.count_1 \gate.count_0 } = 4'0000

Setting up time step 2:
Import set-constraint for this timestep: \in_rst = 1'0
Final constraint equation: \in_rst = 1'0
Imported 62 cells to SAT database.

Setting up time step 3:
Import set-constraint for this timestep: \in_rst = 1'0
Final constraint equation: \in_rst = 1'0
Imported 62 cells to SAT database.

Setting up time step 4:
Import set-constraint for this timestep: \in_rst = 1'0
Final constraint equation: \in_rst = 1'0
Imported 62 cells to SAT database.

Setting up time step 5:
Import set-constraint for this timestep: \in_rst = 1'0
Final constraint equation: \in_rst = 1'0
Imported 62 cells to SAT database.

Setting up time step 6:
Import set-constraint for this timestep: \in_rst = 1'0
Final constraint equation: \in_rst = 1'0
Imported 62 cells to SAT database.

Setting up time step 7:
Import set-constraint for this timestep: \in_rst = 1'0
Final constraint equation: \in_rst = 1'0
Imported 62 cells to SAT database.

Setting up time step 8:
Import set-constraint for this timestep: \in_rst = 1'0
Final constraint equation: \in_rst = 1'0
Imported 62 cells to SAT database.

Setting up time step 9:
Import set-constraint for this timestep: \in_rst = 1'0
Final constraint equation: \in_rst = 1'0
Imported 62 cells to SAT database.

Setting up time step 10:
Import set-constraint for this timestep: \in_rst = 1'0
Final constraint equation: \in_rst = 1'0
Imported 62 cells to SAT database.
Import show expression: \in_clk
Import show expression: \in_enable
Import show expression: \in_rst
Import show expression: \cmp_count_0
Import show expression: \cmp_count_1
Import show expression: \cmp_count_2
Import show expression: \cmp_count_3
Import show expression: \gate_count_0
Import show expression: \gate_count_1
Import show expression: \gate_count_2
Import show expression: \gate_count_3
Import show expression: \gold_count_0
Import show expression: \gold_count_1
Import show expression: \gold_count_2
Import show expression: \gold_count_3
Import show expression: \trigger
Import show expression: $auto$miter.cc:232:create_miter_equiv$142
Import show expression: $techmap\gold.$0\count[3:0][0]
Import show expression: $techmap\gold.$0\count[3:0][1]
Import show expression: $techmap\gold.$0\count[3:0][2]
Import show expression: $techmap\gold.$0\count[3:0][3]
Import show expression: $techmap\gold.$abc$129$new_n11_
Import show expression: $techmap\gold.$abc$129$new_n12_
Import show expression: $techmap\gold.$abc$129$new_n15_
Import show expression: $techmap\gold.$abc$129$new_n16_
Import show expression: $techmap\gold.$abc$129$new_n17_
Import show expression: $techmap\gold.$abc$129$new_n19_
Import show expression: $techmap\gold.$abc$129$new_n20_
Import show expression: $techmap\gold.$abc$129$new_n21_
Import show expression: $techmap\gold.$abc$129$new_n22_
Import show expression: $techmap\gold.$abc$129$new_n24_
Import show expression: $techmap\gold.$abc$129$new_n25_
Import show expression: $techmap\gold.$abc$129$new_n26_
Import show expression: $techmap\gold.$abc$129$new_n27_
Import show expression: \cmp_count_0
Import show expression: \cmp_count_1
Import show expression: \cmp_count_2
Import show expression: \cmp_count_3
Import show expression: \gate.CONST0
Import show expression: \gate.CONST1
Import show expression: \gate.clk
Import show expression: \gate.count_0
Import show expression: \gate.count_1
Import show expression: \gate.count_2
Import show expression: \gate.count_3
Import show expression: \gate.enable
Import show expression: \gate.rst
Import show expression: \gate.tmp_ADD_0_0
Import show expression: \gate.tmp_ADD_0_1
Import show expression: \gate.tmp_ADD_0_2
Import show expression: \gate.tmp_ADD_0_3
Import show expression: \gate.tmp_and_1
Import show expression: \gate.tmp_and_13
Import show expression: \gate.tmp_and_14
Import show expression: \gate.tmp_and_15
Import show expression: \gate.tmp_and_2
Import show expression: \gate.tmp_and_3
Import show expression: \gate.tmp_and_7
Import show expression: \gate.tmp_and_8
Import show expression: \gate.tmp_and_9
Import show expression: \gate.tmp_mux_24
Import show expression: \gate.tmp_mux_25
Import show expression: \gate.tmp_mux_26
Import show expression: \gate.tmp_mux_27
Import show expression: \gate.tmp_mux_28
Import show expression: \gate.tmp_mux_29
Import show expression: \gate.tmp_mux_30
Import show expression: \gate.tmp_mux_31
Import show expression: \gate.tmp_or_10
Import show expression: \gate.tmp_or_11
Import show expression: \gate.tmp_or_16
Import show expression: \gate.tmp_or_17
Import show expression: \gate.tmp_or_4
Import show expression: \gate.tmp_or_5
Import show expression: \gate.tmp_xor_0
Import show expression: \gate.tmp_xor_12
Import show expression: \gate.tmp_xor_18
Import show expression: \gate.tmp_xor_6
Import show expression: \gate_count_0
Import show expression: \gate_count_1
Import show expression: \gate_count_2
Import show expression: \gate_count_3
Import show expression: \gold.clk
Import show expression: \gold.count_0
Import show expression: \gold.count_1
Import show expression: \gold.count_2
Import show expression: \gold.count_3
Import show expression: \gold.enable
Import show expression: \gold.rst
Import show expression: \gold_count_0
Import show expression: \gold_count_1
Import show expression: \gold_count_2
Import show expression: \gold_count_3
Import show expression: \in_clk
Import show expression: \in_enable
Import show expression: \in_rst
Import show expression: \trigger

Solving problem with 5153 variables and 14151 clauses..
SAT solving finished - model found:

  Time Signal Name                                            Dec       Hex           Bin
  ---- ---------------------------------------------- ----------- --------- -------------
  init \gate.count_0                                            0         0             0
  init \gate.count_1                                            0         0             0
  init \gate.count_2                                            0         0             0
  init \gate.count_3                                            0         0             0
  init \gold.count_0                                            1         1             1
  init \gold.count_1                                            1         1             1
  init \gold.count_2                                            1         1             1
  init \gold.count_3                                            0         0             0
  ---- ---------------------------------------------- ----------- --------- -------------
     1 $auto$miter.cc:232:create_miter_equiv$142                0         0             0
     1 $techmap\gold.$0\count[3:0][0]                           0         0             0
     1 $techmap\gold.$0\count[3:0][1]                           0         0             0
     1 $techmap\gold.$0\count[3:0][2]                           0         0             0
     1 $techmap\gold.$0\count[3:0][3]                           0         0             0
     1 $techmap\gold.$abc$129$new_n11_                          0         0             0
     1 $techmap\gold.$abc$129$new_n12_                          1         1             1
     1 $techmap\gold.$abc$129$new_n15_                          0         0             0
     1 $techmap\gold.$abc$129$new_n16_                          1         1             1
     1 $techmap\gold.$abc$129$new_n17_                          1         1             1
     1 $techmap\gold.$abc$129$new_n19_                          0         0             0
     1 $techmap\gold.$abc$129$new_n20_                          0         0             0
     1 $techmap\gold.$abc$129$new_n21_                          1         1             1
     1 $techmap\gold.$abc$129$new_n22_                          1         1             1
     1 $techmap\gold.$abc$129$new_n24_                          1         1             1
     1 $techmap\gold.$abc$129$new_n25_                          1         1             1
     1 $techmap\gold.$abc$129$new_n26_                          0         0             0
     1 $techmap\gold.$abc$129$new_n27_                          0         0             0
     1 \cmp_count_0                                             0         0             0
     1 \cmp_count_1                                             0         0             0
     1 \cmp_count_2                                             0         0             0
     1 \cmp_count_3                                             1         1             1
     1 \gate.CONST0                                             0         0             0
     1 \gate.CONST1                                             1         1             1
     1 \gate.clk                                                0         0             0
     1 \gate.count_0                                            0         0             0
     1 \gate.count_1                                            0         0             0
     1 \gate.count_2                                            0         0             0
     1 \gate.count_3                                            0         0             0
     1 \gate.enable                                             1         1             1
     1 \gate.rst                                                1         1             1
     1 \gate.tmp_ADD_0_0                                        1         1             1
     1 \gate.tmp_ADD_0_1                                        0         0             0
     1 \gate.tmp_ADD_0_2                                        0         0             0
     1 \gate.tmp_ADD_0_3                                        0         0             0
     1 \gate.tmp_and_1                                          0         0             0
     1 \gate.tmp_and_13                                         0         0             0
     1 \gate.tmp_and_14                                         0         0             0
     1 \gate.tmp_and_15                                         0         0             0
     1 \gate.tmp_and_2                                          0         0             0
     1 \gate.tmp_and_3                                          0         0             0
     1 \gate.tmp_and_7                                          0         0             0
     1 \gate.tmp_and_8                                          0         0             0
     1 \gate.tmp_and_9                                          0         0             0
     1 \gate.tmp_mux_24                                         1         1             1
     1 \gate.tmp_mux_25                                         0         0             0
     1 \gate.tmp_mux_26                                         0         0             0
     1 \gate.tmp_mux_27                                         0         0             0
     1 \gate.tmp_mux_28                                         0         0             0
     1 \gate.tmp_mux_29                                         0         0             0
     1 \gate.tmp_mux_30                                         0         0             0
     1 \gate.tmp_mux_31                                         0         0             0
     1 \gate.tmp_or_10                                          0         0             0
     1 \gate.tmp_or_11                                          0         0             0
     1 \gate.tmp_or_16                                          0         0             0
     1 \gate.tmp_or_17                                          0         0             0
     1 \gate.tmp_or_4                                           0         0             0
     1 \gate.tmp_or_5                                           0         0             0
     1 \gate.tmp_xor_0                                          1         1             1
     1 \gate.tmp_xor_12                                         0         0             0
     1 \gate.tmp_xor_18                                         0         0             0
     1 \gate.tmp_xor_6                                          0         0             0
     1 \gate_count_0                                            0         0             0
     1 \gate_count_1                                            0         0             0
     1 \gate_count_2                                            0         0             0
     1 \gate_count_3                                            0         0             0
     1 \gold.clk                                                0         0             0
     1 \gold.count_0                                            1         1             1
     1 \gold.count_1                                            1         1             1
     1 \gold.count_2                                            1         1             1
     1 \gold.count_3                                            0         0             0
     1 \gold.enable                                             1         1             1
     1 \gold.rst                                                1         1             1
     1 \gold_count_0                                            1         1             1
     1 \gold_count_1                                            1         1             1
     1 \gold_count_2                                            1         1             1
     1 \gold_count_3                                            0         0             0
     1 \in_clk                                                  0         0             0
     1 \in_enable                                               1         1             1
     1 \in_rst                                                  1         1             1
     1 \trigger                                                 1         1             1
  ---- ---------------------------------------------- ----------- --------- -------------
     2 $auto$miter.cc:232:create_miter_equiv$142                1         1             1
     2 $techmap\gold.$0\count[3:0][0]                           1         1             1
     2 $techmap\gold.$0\count[3:0][1]                           0         0             0
     2 $techmap\gold.$0\count[3:0][2]                           0         0             0
     2 $techmap\gold.$0\count[3:0][3]                           0         0             0
     2 $techmap\gold.$abc$129$new_n11_                          1         1             1
     2 $techmap\gold.$abc$129$new_n12_                          0         0             0
     2 $techmap\gold.$abc$129$new_n15_                          1         1             1
     2 $techmap\gold.$abc$129$new_n16_                          1         1             1
     2 $techmap\gold.$abc$129$new_n17_                          1         1             1
     2 $techmap\gold.$abc$129$new_n19_                          1         1             1
     2 $techmap\gold.$abc$129$new_n20_                          1         1             1
     2 $techmap\gold.$abc$129$new_n21_                          1         1             1
     2 $techmap\gold.$abc$129$new_n22_                          1         1             1
     2 $techmap\gold.$abc$129$new_n24_                          1         1             1
     2 $techmap\gold.$abc$129$new_n25_                          0         0             0
     2 $techmap\gold.$abc$129$new_n26_                          1         1             1
     2 $techmap\gold.$abc$129$new_n27_                          1         1             1
     2 \cmp_count_0                                             1         1             1
     2 \cmp_count_1                                             1         1             1
     2 \cmp_count_2                                             1         1             1
     2 \cmp_count_3                                             1         1             1
     2 \gate.CONST0                                             0         0             0
     2 \gate.CONST1                                             1         1             1
     2 \gate.clk                                                0         0             0
     2 \gate.count_0                                            0         0             0
     2 \gate.count_1                                            0         0             0
     2 \gate.count_2                                            0         0             0
     2 \gate.count_3                                            0         0             0
     2 \gate.enable                                             1         1             1
     2 \gate.rst                                                0         0             0
     2 \gate.tmp_ADD_0_0                                        1         1             1
     2 \gate.tmp_ADD_0_1                                        0         0             0
     2 \gate.tmp_ADD_0_2                                        0         0             0
     2 \gate.tmp_ADD_0_3                                        0         0             0
     2 \gate.tmp_and_1                                          0         0             0
     2 \gate.tmp_and_13                                         0         0             0
     2 \gate.tmp_and_14                                         0         0             0
     2 \gate.tmp_and_15                                         0         0             0
     2 \gate.tmp_and_2                                          0         0             0
     2 \gate.tmp_and_3                                          0         0             0
     2 \gate.tmp_and_7                                          0         0             0
     2 \gate.tmp_and_8                                          0         0             0
     2 \gate.tmp_and_9                                          0         0             0
     2 \gate.tmp_mux_24                                         1         1             1
     2 \gate.tmp_mux_25                                         1         1             1
     2 \gate.tmp_mux_26                                         0         0             0
     2 \gate.tmp_mux_27                                         0         0             0
     2 \gate.tmp_mux_28                                         0         0             0
     2 \gate.tmp_mux_29                                         0         0             0
     2 \gate.tmp_mux_30                                         0         0             0
     2 \gate.tmp_mux_31                                         0         0             0
     2 \gate.tmp_or_10                                          0         0             0
     2 \gate.tmp_or_11                                          0         0             0
     2 \gate.tmp_or_16                                          0         0             0
     2 \gate.tmp_or_17                                          0         0             0
     2 \gate.tmp_or_4                                           0         0             0
     2 \gate.tmp_or_5                                           0         0             0
     2 \gate.tmp_xor_0                                          1         1             1
     2 \gate.tmp_xor_12                                         0         0             0
     2 \gate.tmp_xor_18                                         0         0             0
     2 \gate.tmp_xor_6                                          0         0             0
     2 \gate_count_0                                            0         0             0
     2 \gate_count_1                                            0         0             0
     2 \gate_count_2                                            0         0             0
     2 \gate_count_3                                            0         0             0
     2 \gold.clk                                                0         0             0
     2 \gold.count_0                                            0         0             0
     2 \gold.count_1                                            0         0             0
     2 \gold.count_2                                            0         0             0
     2 \gold.count_3                                            0         0             0
     2 \gold.enable                                             1         1             1
     2 \gold.rst                                                0         0             0
     2 \gold_count_0                                            0         0             0
     2 \gold_count_1                                            0         0             0
     2 \gold_count_2                                            0         0             0
     2 \gold_count_3                                            0         0             0
     2 \in_clk                                                  0         0             0
     2 \in_enable                                               1         1             1
     2 \in_rst                                                  0         0             0
     2 \trigger                                                 0         0             0
  ---- ---------------------------------------------- ----------- --------- -------------
     3 $auto$miter.cc:232:create_miter_equiv$142                1         1             1
     3 $techmap\gold.$0\count[3:0][0]                           1         1             1
     3 $techmap\gold.$0\count[3:0][1]                           0         0             0
     3 $techmap\gold.$0\count[3:0][2]                           0         0             0
     3 $techmap\gold.$0\count[3:0][3]                           0         0             0
     3 $techmap\gold.$abc$129$new_n11_                          1         1             1
     3 $techmap\gold.$abc$129$new_n12_                          0         0             0
     3 $techmap\gold.$abc$129$new_n15_                          1         1             1
     3 $techmap\gold.$abc$129$new_n16_                          0         0             0
     3 $techmap\gold.$abc$129$new_n17_                          1         1             1
     3 $techmap\gold.$abc$129$new_n19_                          1         1             1
     3 $techmap\gold.$abc$129$new_n20_                          1         1             1
     3 $techmap\gold.$abc$129$new_n21_                          1         1             1
     3 $techmap\gold.$abc$129$new_n22_                          1         1             1
     3 $techmap\gold.$abc$129$new_n24_                          1         1             1
     3 $techmap\gold.$abc$129$new_n25_                          0         0             0
     3 $techmap\gold.$abc$129$new_n26_                          1         1             1
     3 $techmap\gold.$abc$129$new_n27_                          1         1             1
     3 \cmp_count_0                                             1         1             1
     3 \cmp_count_1                                             1         1             1
     3 \cmp_count_2                                             1         1             1
     3 \cmp_count_3                                             1         1             1
     3 \gate.CONST0                                             0         0             0
     3 \gate.CONST1                                             1         1             1
     3 \gate.clk                                                0         0             0
     3 \gate.count_0                                            1         1             1
     3 \gate.count_1                                            0         0             0
     3 \gate.count_2                                            0         0             0
     3 \gate.count_3                                            0         0             0
     3 \gate.enable                                             0         0             0
     3 \gate.rst                                                0         0             0
     3 \gate.tmp_ADD_0_0                                        0         0             0
     3 \gate.tmp_ADD_0_1                                        1         1             1
     3 \gate.tmp_ADD_0_2                                        0         0             0
     3 \gate.tmp_ADD_0_3                                        0         0             0
     3 \gate.tmp_and_1                                          1         1             1
     3 \gate.tmp_and_13                                         0         0             0
     3 \gate.tmp_and_14                                         0         0             0
     3 \gate.tmp_and_15                                         0         0             0
     3 \gate.tmp_and_2                                          0         0             0
     3 \gate.tmp_and_3                                          0         0             0
     3 \gate.tmp_and_7                                          0         0             0
     3 \gate.tmp_and_8                                          0         0             0
     3 \gate.tmp_and_9                                          0         0             0
     3 \gate.tmp_mux_24                                         1         1             1
     3 \gate.tmp_mux_25                                         1         1             1
     3 \gate.tmp_mux_26                                         0         0             0
     3 \gate.tmp_mux_27                                         0         0             0
     3 \gate.tmp_mux_28                                         0         0             0
     3 \gate.tmp_mux_29                                         0         0             0
     3 \gate.tmp_mux_30                                         0         0             0
     3 \gate.tmp_mux_31                                         0         0             0
     3 \gate.tmp_or_10                                          0         0             0
     3 \gate.tmp_or_11                                          0         0             0
     3 \gate.tmp_or_16                                          0         0             0
     3 \gate.tmp_or_17                                          0         0             0
     3 \gate.tmp_or_4                                           1         1             1
     3 \gate.tmp_or_5                                           1         1             1
     3 \gate.tmp_xor_0                                          0         0             0
     3 \gate.tmp_xor_12                                         0         0             0
     3 \gate.tmp_xor_18                                         0         0             0
     3 \gate.tmp_xor_6                                          0         0             0
     3 \gate_count_0                                            1         1             1
     3 \gate_count_1                                            0         0             0
     3 \gate_count_2                                            0         0             0
     3 \gate_count_3                                            0         0             0
     3 \gold.clk                                                0         0             0
     3 \gold.count_0                                            1         1             1
     3 \gold.count_1                                            0         0             0
     3 \gold.count_2                                            0         0             0
     3 \gold.count_3                                            0         0             0
     3 \gold.enable                                             0         0             0
     3 \gold.rst                                                0         0             0
     3 \gold_count_0                                            1         1             1
     3 \gold_count_1                                            0         0             0
     3 \gold_count_2                                            0         0             0
     3 \gold_count_3                                            0         0             0
     3 \in_clk                                                  0         0             0
     3 \in_enable                                               0         0             0
     3 \in_rst                                                  0         0             0
     3 \trigger                                                 0         0             0
  ---- ---------------------------------------------- ----------- --------- -------------
     4 $auto$miter.cc:232:create_miter_equiv$142                1         1             1
     4 $techmap\gold.$0\count[3:0][0]                           1         1             1
     4 $techmap\gold.$0\count[3:0][1]                           0         0             0
     4 $techmap\gold.$0\count[3:0][2]                           0         0             0
     4 $techmap\gold.$0\count[3:0][3]                           0         0             0
     4 $techmap\gold.$abc$129$new_n11_                          1         1             1
     4 $techmap\gold.$abc$129$new_n12_                          0         0             0
     4 $techmap\gold.$abc$129$new_n15_                          1         1             1
     4 $techmap\gold.$abc$129$new_n16_                          0         0             0
     4 $techmap\gold.$abc$129$new_n17_                          1         1             1
     4 $techmap\gold.$abc$129$new_n19_                          1         1             1
     4 $techmap\gold.$abc$129$new_n20_                          1         1             1
     4 $techmap\gold.$abc$129$new_n21_                          1         1             1
     4 $techmap\gold.$abc$129$new_n22_                          1         1             1
     4 $techmap\gold.$abc$129$new_n24_                          1         1             1
     4 $techmap\gold.$abc$129$new_n25_                          0         0             0
     4 $techmap\gold.$abc$129$new_n26_                          1         1             1
     4 $techmap\gold.$abc$129$new_n27_                          1         1             1
     4 \cmp_count_0                                             1         1             1
     4 \cmp_count_1                                             1         1             1
     4 \cmp_count_2                                             1         1             1
     4 \cmp_count_3                                             1         1             1
     4 \gate.CONST0                                             0         0             0
     4 \gate.CONST1                                             1         1             1
     4 \gate.clk                                                0         0             0
     4 \gate.count_0                                            1         1             1
     4 \gate.count_1                                            0         0             0
     4 \gate.count_2                                            0         0             0
     4 \gate.count_3                                            0         0             0
     4 \gate.enable                                             0         0             0
     4 \gate.rst                                                0         0             0
     4 \gate.tmp_ADD_0_0                                        0         0             0
     4 \gate.tmp_ADD_0_1                                        1         1             1
     4 \gate.tmp_ADD_0_2                                        0         0             0
     4 \gate.tmp_ADD_0_3                                        0         0             0
     4 \gate.tmp_and_1                                          1         1             1
     4 \gate.tmp_and_13                                         0         0             0
     4 \gate.tmp_and_14                                         0         0             0
     4 \gate.tmp_and_15                                         0         0             0
     4 \gate.tmp_and_2                                          0         0             0
     4 \gate.tmp_and_3                                          0         0             0
     4 \gate.tmp_and_7                                          0         0             0
     4 \gate.tmp_and_8                                          0         0             0
     4 \gate.tmp_and_9                                          0         0             0
     4 \gate.tmp_mux_24                                         1         1             1
     4 \gate.tmp_mux_25                                         1         1             1
     4 \gate.tmp_mux_26                                         0         0             0
     4 \gate.tmp_mux_27                                         0         0             0
     4 \gate.tmp_mux_28                                         0         0             0
     4 \gate.tmp_mux_29                                         0         0             0
     4 \gate.tmp_mux_30                                         0         0             0
     4 \gate.tmp_mux_31                                         0         0             0
     4 \gate.tmp_or_10                                          0         0             0
     4 \gate.tmp_or_11                                          0         0             0
     4 \gate.tmp_or_16                                          0         0             0
     4 \gate.tmp_or_17                                          0         0             0
     4 \gate.tmp_or_4                                           1         1             1
     4 \gate.tmp_or_5                                           1         1             1
     4 \gate.tmp_xor_0                                          0         0             0
     4 \gate.tmp_xor_12                                         0         0             0
     4 \gate.tmp_xor_18                                         0         0             0
     4 \gate.tmp_xor_6                                          0         0             0
     4 \gate_count_0                                            1         1             1
     4 \gate_count_1                                            0         0             0
     4 \gate_count_2                                            0         0             0
     4 \gate_count_3                                            0         0             0
     4 \gold.clk                                                0         0             0
     4 \gold.count_0                                            1         1             1
     4 \gold.count_1                                            0         0             0
     4 \gold.count_2                                            0         0             0
     4 \gold.count_3                                            0         0             0
     4 \gold.enable                                             0         0             0
     4 \gold.rst                                                0         0             0
     4 \gold_count_0                                            1         1             1
     4 \gold_count_1                                            0         0             0
     4 \gold_count_2                                            0         0             0
     4 \gold_count_3                                            0         0             0
     4 \in_clk                                                  0         0             0
     4 \in_enable                                               0         0             0
     4 \in_rst                                                  0         0             0
     4 \trigger                                                 0         0             0
  ---- ---------------------------------------------- ----------- --------- -------------
     5 $auto$miter.cc:232:create_miter_equiv$142                1         1             1
     5 $techmap\gold.$0\count[3:0][0]                           1         1             1
     5 $techmap\gold.$0\count[3:0][1]                           0         0             0
     5 $techmap\gold.$0\count[3:0][2]                           0         0             0
     5 $techmap\gold.$0\count[3:0][3]                           0         0             0
     5 $techmap\gold.$abc$129$new_n11_                          1         1             1
     5 $techmap\gold.$abc$129$new_n12_                          0         0             0
     5 $techmap\gold.$abc$129$new_n15_                          1         1             1
     5 $techmap\gold.$abc$129$new_n16_                          0         0             0
     5 $techmap\gold.$abc$129$new_n17_                          1         1             1
     5 $techmap\gold.$abc$129$new_n19_                          1         1             1
     5 $techmap\gold.$abc$129$new_n20_                          1         1             1
     5 $techmap\gold.$abc$129$new_n21_                          1         1             1
     5 $techmap\gold.$abc$129$new_n22_                          1         1             1
     5 $techmap\gold.$abc$129$new_n24_                          1         1             1
     5 $techmap\gold.$abc$129$new_n25_                          0         0             0
     5 $techmap\gold.$abc$129$new_n26_                          1         1             1
     5 $techmap\gold.$abc$129$new_n27_                          1         1             1
     5 \cmp_count_0                                             1         1             1
     5 \cmp_count_1                                             1         1             1
     5 \cmp_count_2                                             1         1             1
     5 \cmp_count_3                                             1         1             1
     5 \gate.CONST0                                             0         0             0
     5 \gate.CONST1                                             1         1             1
     5 \gate.clk                                                0         0             0
     5 \gate.count_0                                            1         1             1
     5 \gate.count_1                                            0         0             0
     5 \gate.count_2                                            0         0             0
     5 \gate.count_3                                            0         0             0
     5 \gate.enable                                             0         0             0
     5 \gate.rst                                                0         0             0
     5 \gate.tmp_ADD_0_0                                        0         0             0
     5 \gate.tmp_ADD_0_1                                        1         1             1
     5 \gate.tmp_ADD_0_2                                        0         0             0
     5 \gate.tmp_ADD_0_3                                        0         0             0
     5 \gate.tmp_and_1                                          1         1             1
     5 \gate.tmp_and_13                                         0         0             0
     5 \gate.tmp_and_14                                         0         0             0
     5 \gate.tmp_and_15                                         0         0             0
     5 \gate.tmp_and_2                                          0         0             0
     5 \gate.tmp_and_3                                          0         0             0
     5 \gate.tmp_and_7                                          0         0             0
     5 \gate.tmp_and_8                                          0         0             0
     5 \gate.tmp_and_9                                          0         0             0
     5 \gate.tmp_mux_24                                         1         1             1
     5 \gate.tmp_mux_25                                         1         1             1
     5 \gate.tmp_mux_26                                         0         0             0
     5 \gate.tmp_mux_27                                         0         0             0
     5 \gate.tmp_mux_28                                         0         0             0
     5 \gate.tmp_mux_29                                         0         0             0
     5 \gate.tmp_mux_30                                         0         0             0
     5 \gate.tmp_mux_31                                         0         0             0
     5 \gate.tmp_or_10                                          0         0             0
     5 \gate.tmp_or_11                                          0         0             0
     5 \gate.tmp_or_16                                          0         0             0
     5 \gate.tmp_or_17                                          0         0             0
     5 \gate.tmp_or_4                                           1         1             1
     5 \gate.tmp_or_5                                           1         1             1
     5 \gate.tmp_xor_0                                          0         0             0
     5 \gate.tmp_xor_12                                         0         0             0
     5 \gate.tmp_xor_18                                         0         0             0
     5 \gate.tmp_xor_6                                          0         0             0
     5 \gate_count_0                                            1         1             1
     5 \gate_count_1                                            0         0             0
     5 \gate_count_2                                            0         0             0
     5 \gate_count_3                                            0         0             0
     5 \gold.clk                                                0         0             0
     5 \gold.count_0                                            1         1             1
     5 \gold.count_1                                            0         0             0
     5 \gold.count_2                                            0         0             0
     5 \gold.count_3                                            0         0             0
     5 \gold.enable                                             0         0             0
     5 \gold.rst                                                0         0             0
     5 \gold_count_0                                            1         1             1
     5 \gold_count_1                                            0         0             0
     5 \gold_count_2                                            0         0             0
     5 \gold_count_3                                            0         0             0
     5 \in_clk                                                  0         0             0
     5 \in_enable                                               0         0             0
     5 \in_rst                                                  0         0             0
     5 \trigger                                                 0         0             0
  ---- ---------------------------------------------- ----------- --------- -------------
     6 $auto$miter.cc:232:create_miter_equiv$142                1         1             1
     6 $techmap\gold.$0\count[3:0][0]                           1         1             1
     6 $techmap\gold.$0\count[3:0][1]                           0         0             0
     6 $techmap\gold.$0\count[3:0][2]                           0         0             0
     6 $techmap\gold.$0\count[3:0][3]                           0         0             0
     6 $techmap\gold.$abc$129$new_n11_                          1         1             1
     6 $techmap\gold.$abc$129$new_n12_                          0         0             0
     6 $techmap\gold.$abc$129$new_n15_                          1         1             1
     6 $techmap\gold.$abc$129$new_n16_                          0         0             0
     6 $techmap\gold.$abc$129$new_n17_                          1         1             1
     6 $techmap\gold.$abc$129$new_n19_                          1         1             1
     6 $techmap\gold.$abc$129$new_n20_                          1         1             1
     6 $techmap\gold.$abc$129$new_n21_                          1         1             1
     6 $techmap\gold.$abc$129$new_n22_                          1         1             1
     6 $techmap\gold.$abc$129$new_n24_                          1         1             1
     6 $techmap\gold.$abc$129$new_n25_                          0         0             0
     6 $techmap\gold.$abc$129$new_n26_                          1         1             1
     6 $techmap\gold.$abc$129$new_n27_                          1         1             1
     6 \cmp_count_0                                             1         1             1
     6 \cmp_count_1                                             1         1             1
     6 \cmp_count_2                                             1         1             1
     6 \cmp_count_3                                             1         1             1
     6 \gate.CONST0                                             0         0             0
     6 \gate.CONST1                                             1         1             1
     6 \gate.clk                                                0         0             0
     6 \gate.count_0                                            1         1             1
     6 \gate.count_1                                            0         0             0
     6 \gate.count_2                                            0         0             0
     6 \gate.count_3                                            0         0             0
     6 \gate.enable                                             0         0             0
     6 \gate.rst                                                0         0             0
     6 \gate.tmp_ADD_0_0                                        0         0             0
     6 \gate.tmp_ADD_0_1                                        1         1             1
     6 \gate.tmp_ADD_0_2                                        0         0             0
     6 \gate.tmp_ADD_0_3                                        0         0             0
     6 \gate.tmp_and_1                                          1         1             1
     6 \gate.tmp_and_13                                         0         0             0
     6 \gate.tmp_and_14                                         0         0             0
     6 \gate.tmp_and_15                                         0         0             0
     6 \gate.tmp_and_2                                          0         0             0
     6 \gate.tmp_and_3                                          0         0             0
     6 \gate.tmp_and_7                                          0         0             0
     6 \gate.tmp_and_8                                          0         0             0
     6 \gate.tmp_and_9                                          0         0             0
     6 \gate.tmp_mux_24                                         1         1             1
     6 \gate.tmp_mux_25                                         1         1             1
     6 \gate.tmp_mux_26                                         0         0             0
     6 \gate.tmp_mux_27                                         0         0             0
     6 \gate.tmp_mux_28                                         0         0             0
     6 \gate.tmp_mux_29                                         0         0             0
     6 \gate.tmp_mux_30                                         0         0             0
     6 \gate.tmp_mux_31                                         0         0             0
     6 \gate.tmp_or_10                                          0         0             0
     6 \gate.tmp_or_11                                          0         0             0
     6 \gate.tmp_or_16                                          0         0             0
     6 \gate.tmp_or_17                                          0         0             0
     6 \gate.tmp_or_4                                           1         1             1
     6 \gate.tmp_or_5                                           1         1             1
     6 \gate.tmp_xor_0                                          0         0             0
     6 \gate.tmp_xor_12                                         0         0             0
     6 \gate.tmp_xor_18                                         0         0             0
     6 \gate.tmp_xor_6                                          0         0             0
     6 \gate_count_0                                            1         1             1
     6 \gate_count_1                                            0         0             0
     6 \gate_count_2                                            0         0             0
     6 \gate_count_3                                            0         0             0
     6 \gold.clk                                                0         0             0
     6 \gold.count_0                                            1         1             1
     6 \gold.count_1                                            0         0             0
     6 \gold.count_2                                            0         0             0
     6 \gold.count_3                                            0         0             0
     6 \gold.enable                                             0         0             0
     6 \gold.rst                                                0         0             0
     6 \gold_count_0                                            1         1             1
     6 \gold_count_1                                            0         0             0
     6 \gold_count_2                                            0         0             0
     6 \gold_count_3                                            0         0             0
     6 \in_clk                                                  0         0             0
     6 \in_enable                                               0         0             0
     6 \in_rst                                                  0         0             0
     6 \trigger                                                 0         0             0
  ---- ---------------------------------------------- ----------- --------- -------------
     7 $auto$miter.cc:232:create_miter_equiv$142                1         1             1
     7 $techmap\gold.$0\count[3:0][0]                           0         0             0
     7 $techmap\gold.$0\count[3:0][1]                           1         1             1
     7 $techmap\gold.$0\count[3:0][2]                           0         0             0
     7 $techmap\gold.$0\count[3:0][3]                           0         0             0
     7 $techmap\gold.$abc$129$new_n11_                          1         1             1
     7 $techmap\gold.$abc$129$new_n12_                          1         1             1
     7 $techmap\gold.$abc$129$new_n15_                          1         1             1
     7 $techmap\gold.$abc$129$new_n16_                          0         0             0
     7 $techmap\gold.$abc$129$new_n17_                          0         0             0
     7 $techmap\gold.$abc$129$new_n19_                          1         1             1
     7 $techmap\gold.$abc$129$new_n20_                          1         1             1
     7 $techmap\gold.$abc$129$new_n21_                          1         1             1
     7 $techmap\gold.$abc$129$new_n22_                          1         1             1
     7 $techmap\gold.$abc$129$new_n24_                          1         1             1
     7 $techmap\gold.$abc$129$new_n25_                          0         0             0
     7 $techmap\gold.$abc$129$new_n26_                          1         1             1
     7 $techmap\gold.$abc$129$new_n27_                          1         1             1
     7 \cmp_count_0                                             1         1             1
     7 \cmp_count_1                                             1         1             1
     7 \cmp_count_2                                             1         1             1
     7 \cmp_count_3                                             1         1             1
     7 \gate.CONST0                                             0         0             0
     7 \gate.CONST1                                             1         1             1
     7 \gate.clk                                                0         0             0
     7 \gate.count_0                                            1         1             1
     7 \gate.count_1                                            0         0             0
     7 \gate.count_2                                            0         0             0
     7 \gate.count_3                                            0         0             0
     7 \gate.enable                                             1         1             1
     7 \gate.rst                                                0         0             0
     7 \gate.tmp_ADD_0_0                                        0         0             0
     7 \gate.tmp_ADD_0_1                                        1         1             1
     7 \gate.tmp_ADD_0_2                                        0         0             0
     7 \gate.tmp_ADD_0_3                                        0         0             0
     7 \gate.tmp_and_1                                          1         1             1
     7 \gate.tmp_and_13                                         0         0             0
     7 \gate.tmp_and_14                                         0         0             0
     7 \gate.tmp_and_15                                         0         0             0
     7 \gate.tmp_and_2                                          0         0             0
     7 \gate.tmp_and_3                                          0         0             0
     7 \gate.tmp_and_7                                          0         0             0
     7 \gate.tmp_and_8                                          0         0             0
     7 \gate.tmp_and_9                                          0         0             0
     7 \gate.tmp_mux_24                                         0         0             0
     7 \gate.tmp_mux_25                                         0         0             0
     7 \gate.tmp_mux_26                                         1         1             1
     7 \gate.tmp_mux_27                                         1         1             1
     7 \gate.tmp_mux_28                                         0         0             0
     7 \gate.tmp_mux_29                                         0         0             0
     7 \gate.tmp_mux_30                                         0         0             0
     7 \gate.tmp_mux_31                                         0         0             0
     7 \gate.tmp_or_10                                          0         0             0
     7 \gate.tmp_or_11                                          0         0             0
     7 \gate.tmp_or_16                                          0         0             0
     7 \gate.tmp_or_17                                          0         0             0
     7 \gate.tmp_or_4                                           1         1             1
     7 \gate.tmp_or_5                                           1         1             1
     7 \gate.tmp_xor_0                                          0         0             0
     7 \gate.tmp_xor_12                                         0         0             0
     7 \gate.tmp_xor_18                                         0         0             0
     7 \gate.tmp_xor_6                                          0         0             0
     7 \gate_count_0                                            1         1             1
     7 \gate_count_1                                            0         0             0
     7 \gate_count_2                                            0         0             0
     7 \gate_count_3                                            0         0             0
     7 \gold.clk                                                0         0             0
     7 \gold.count_0                                            1         1             1
     7 \gold.count_1                                            0         0             0
     7 \gold.count_2                                            0         0             0
     7 \gold.count_3                                            0         0             0
     7 \gold.enable                                             1         1             1
     7 \gold.rst                                                0         0             0
     7 \gold_count_0                                            1         1             1
     7 \gold_count_1                                            0         0             0
     7 \gold_count_2                                            0         0             0
     7 \gold_count_3                                            0         0             0
     7 \in_clk                                                  0         0             0
     7 \in_enable                                               1         1             1
     7 \in_rst                                                  0         0             0
     7 \trigger                                                 0         0             0
  ---- ---------------------------------------------- ----------- --------- -------------
     8 $auto$miter.cc:232:create_miter_equiv$142                1         1             1
     8 $techmap\gold.$0\count[3:0][0]                           1         1             1
     8 $techmap\gold.$0\count[3:0][1]                           1         1             1
     8 $techmap\gold.$0\count[3:0][2]                           0         0             0
     8 $techmap\gold.$0\count[3:0][3]                           0         0             0
     8 $techmap\gold.$abc$129$new_n11_                          1         1             1
     8 $techmap\gold.$abc$129$new_n12_                          0         0             0
     8 $techmap\gold.$abc$129$new_n15_                          0         0             0
     8 $techmap\gold.$abc$129$new_n16_                          0         0             0
     8 $techmap\gold.$abc$129$new_n17_                          0         0             0
     8 $techmap\gold.$abc$129$new_n19_                          1         1             1
     8 $techmap\gold.$abc$129$new_n20_                          1         1             1
     8 $techmap\gold.$abc$129$new_n21_                          1         1             1
     8 $techmap\gold.$abc$129$new_n22_                          1         1             1
     8 $techmap\gold.$abc$129$new_n24_                          1         1             1
     8 $techmap\gold.$abc$129$new_n25_                          0         0             0
     8 $techmap\gold.$abc$129$new_n26_                          1         1             1
     8 $techmap\gold.$abc$129$new_n27_                          1         1             1
     8 \cmp_count_0                                             1         1             1
     8 \cmp_count_1                                             1         1             1
     8 \cmp_count_2                                             1         1             1
     8 \cmp_count_3                                             1         1             1
     8 \gate.CONST0                                             0         0             0
     8 \gate.CONST1                                             1         1             1
     8 \gate.clk                                                0         0             0
     8 \gate.count_0                                            0         0             0
     8 \gate.count_1                                            1         1             1
     8 \gate.count_2                                            0         0             0
     8 \gate.count_3                                            0         0             0
     8 \gate.enable                                             1         1             1
     8 \gate.rst                                                0         0             0
     8 \gate.tmp_ADD_0_0                                        1         1             1
     8 \gate.tmp_ADD_0_1                                        1         1             1
     8 \gate.tmp_ADD_0_2                                        0         0             0
     8 \gate.tmp_ADD_0_3                                        0         0             0
     8 \gate.tmp_and_1                                          0         0             0
     8 \gate.tmp_and_13                                         0         0             0
     8 \gate.tmp_and_14                                         0         0             0
     8 \gate.tmp_and_15                                         0         0             0
     8 \gate.tmp_and_2                                          0         0             0
     8 \gate.tmp_and_3                                          0         0             0
     8 \gate.tmp_and_7                                          0         0             0
     8 \gate.tmp_and_8                                          0         0             0
     8 \gate.tmp_and_9                                          0         0             0
     8 \gate.tmp_mux_24                                         1         1             1
     8 \gate.tmp_mux_25                                         1         1             1
     8 \gate.tmp_mux_26                                         1         1             1
     8 \gate.tmp_mux_27                                         1         1             1
     8 \gate.tmp_mux_28                                         0         0             0
     8 \gate.tmp_mux_29                                         0         0             0
     8 \gate.tmp_mux_30                                         0         0             0
     8 \gate.tmp_mux_31                                         0         0             0
     8 \gate.tmp_or_10                                          0         0             0
     8 \gate.tmp_or_11                                          0         0             0
     8 \gate.tmp_or_16                                          0         0             0
     8 \gate.tmp_or_17                                          0         0             0
     8 \gate.tmp_or_4                                           0         0             0
     8 \gate.tmp_or_5                                           0         0             0
     8 \gate.tmp_xor_0                                          1         1             1
     8 \gate.tmp_xor_12                                         0         0             0
     8 \gate.tmp_xor_18                                         0         0             0
     8 \gate.tmp_xor_6                                          1         1             1
     8 \gate_count_0                                            0         0             0
     8 \gate_count_1                                            1         1             1
     8 \gate_count_2                                            0         0             0
     8 \gate_count_3                                            0         0             0
     8 \gold.clk                                                0         0             0
     8 \gold.count_0                                            0         0             0
     8 \gold.count_1                                            1         1             1
     8 \gold.count_2                                            0         0             0
     8 \gold.count_3                                            0         0             0
     8 \gold.enable                                             1         1             1
     8 \gold.rst                                                0         0             0
     8 \gold_count_0                                            0         0             0
     8 \gold_count_1                                            1         1             1
     8 \gold_count_2                                            0         0             0
     8 \gold_count_3                                            0         0             0
     8 \in_clk                                                  0         0             0
     8 \in_enable                                               1         1             1
     8 \in_rst                                                  0         0             0
     8 \trigger                                                 0         0             0
  ---- ---------------------------------------------- ----------- --------- -------------
     9 $auto$miter.cc:232:create_miter_equiv$142                1         1             1
     9 $techmap\gold.$0\count[3:0][0]                           0         0             0
     9 $techmap\gold.$0\count[3:0][1]                           0         0             0
     9 $techmap\gold.$0\count[3:0][2]                           1         1             1
     9 $techmap\gold.$0\count[3:0][3]                           0         0             0
     9 $techmap\gold.$abc$129$new_n11_                          1         1             1
     9 $techmap\gold.$abc$129$new_n12_                          1         1             1
     9 $techmap\gold.$abc$129$new_n15_                          0         0             0
     9 $techmap\gold.$abc$129$new_n16_                          1         1             1
     9 $techmap\gold.$abc$129$new_n17_                          1         1             1
     9 $techmap\gold.$abc$129$new_n19_                          1         1             1
     9 $techmap\gold.$abc$129$new_n20_                          0         0             0
     9 $techmap\gold.$abc$129$new_n21_                          0         0             0
     9 $techmap\gold.$abc$129$new_n22_                          0         0             0
     9 $techmap\gold.$abc$129$new_n24_                          1         1             1
     9 $techmap\gold.$abc$129$new_n25_                          0         0             0
     9 $techmap\gold.$abc$129$new_n26_                          1         1             1
     9 $techmap\gold.$abc$129$new_n27_                          1         1             1
     9 \cmp_count_0                                             1         1             1
     9 \cmp_count_1                                             1         1             1
     9 \cmp_count_2                                             1         1             1
     9 \cmp_count_3                                             1         1             1
     9 \gate.CONST0                                             0         0             0
     9 \gate.CONST1                                             1         1             1
     9 \gate.clk                                                0         0             0
     9 \gate.count_0                                            1         1             1
     9 \gate.count_1                                            1         1             1
     9 \gate.count_2                                            0         0             0
     9 \gate.count_3                                            0         0             0
     9 \gate.enable                                             1         1             1
     9 \gate.rst                                                0         0             0
     9 \gate.tmp_ADD_0_0                                        0         0             0
     9 \gate.tmp_ADD_0_1                                        0         0             0
     9 \gate.tmp_ADD_0_2                                        1         1             1
     9 \gate.tmp_ADD_0_3                                        0         0             0
     9 \gate.tmp_and_1                                          1         1             1
     9 \gate.tmp_and_13                                         0         0             0
     9 \gate.tmp_and_14                                         0         0             0
     9 \gate.tmp_and_15                                         0         0             0
     9 \gate.tmp_and_2                                          0         0             0
     9 \gate.tmp_and_3                                          0         0             0
     9 \gate.tmp_and_7                                          0         0             0
     9 \gate.tmp_and_8                                          1         1             1
     9 \gate.tmp_and_9                                          0         0             0
     9 \gate.tmp_mux_24                                         0         0             0
     9 \gate.tmp_mux_25                                         0         0             0
     9 \gate.tmp_mux_26                                         0         0             0
     9 \gate.tmp_mux_27                                         0         0             0
     9 \gate.tmp_mux_28                                         1         1             1
     9 \gate.tmp_mux_29                                         1         1             1
     9 \gate.tmp_mux_30                                         0         0             0
     9 \gate.tmp_mux_31                                         0         0             0
     9 \gate.tmp_or_10                                          1         1             1
     9 \gate.tmp_or_11                                          1         1             1
     9 \gate.tmp_or_16                                          0         0             0
     9 \gate.tmp_or_17                                          0         0             0
     9 \gate.tmp_or_4                                           1         1             1
     9 \gate.tmp_or_5                                           1         1             1
     9 \gate.tmp_xor_0                                          0         0             0
     9 \gate.tmp_xor_12                                         0         0             0
     9 \gate.tmp_xor_18                                         0         0             0
     9 \gate.tmp_xor_6                                          1         1             1
     9 \gate_count_0                                            1         1             1
     9 \gate_count_1                                            1         1             1
     9 \gate_count_2                                            0         0             0
     9 \gate_count_3                                            0         0             0
     9 \gold.clk                                                0         0             0
     9 \gold.count_0                                            1         1             1
     9 \gold.count_1                                            1         1             1
     9 \gold.count_2                                            0         0             0
     9 \gold.count_3                                            0         0             0
     9 \gold.enable                                             1         1             1
     9 \gold.rst                                                0         0             0
     9 \gold_count_0                                            1         1             1
     9 \gold_count_1                                            1         1             1
     9 \gold_count_2                                            0         0             0
     9 \gold_count_3                                            0         0             0
     9 \in_clk                                                  0         0             0
     9 \in_enable                                               1         1             1
     9 \in_rst                                                  0         0             0
     9 \trigger                                                 0         0             0
  ---- ---------------------------------------------- ----------- --------- -------------
    10 $auto$miter.cc:232:create_miter_equiv$142                1         1             1
    10 $techmap\gold.$0\count[3:0][0]                           0         0             0
    10 $techmap\gold.$0\count[3:0][1]                           0         0             0
    10 $techmap\gold.$0\count[3:0][2]                           1         1             1
    10 $techmap\gold.$0\count[3:0][3]                           0         0             0
    10 $techmap\gold.$abc$129$new_n11_                          1         1             1
    10 $techmap\gold.$abc$129$new_n12_                          1         1             1
    10 $techmap\gold.$abc$129$new_n15_                          1         1             1
    10 $techmap\gold.$abc$129$new_n16_                          1         1             1
    10 $techmap\gold.$abc$129$new_n17_                          1         1             1
    10 $techmap\gold.$abc$129$new_n19_                          0         0             0
    10 $techmap\gold.$abc$129$new_n20_                          1         1             1
    10 $techmap\gold.$abc$129$new_n21_                          0         0             0
    10 $techmap\gold.$abc$129$new_n22_                          0         0             0
    10 $techmap\gold.$abc$129$new_n24_                          1         1             1
    10 $techmap\gold.$abc$129$new_n25_                          0         0             0
    10 $techmap\gold.$abc$129$new_n26_                          1         1             1
    10 $techmap\gold.$abc$129$new_n27_                          1         1             1
    10 \cmp_count_0                                             1         1             1
    10 \cmp_count_1                                             1         1             1
    10 \cmp_count_2                                             1         1             1
    10 \cmp_count_3                                             1         1             1
    10 \gate.CONST0                                             0         0             0
    10 \gate.CONST1                                             1         1             1
    10 \gate.clk                                                0         0             0
    10 \gate.count_0                                            0         0             0
    10 \gate.count_1                                            0         0             0
    10 \gate.count_2                                            1         1             1
    10 \gate.count_3                                            0         0             0
    10 \gate.enable                                             0         0             0
    10 \gate.rst                                                0         0             0
    10 \gate.tmp_ADD_0_0                                        1         1             1
    10 \gate.tmp_ADD_0_1                                        0         0             0
    10 \gate.tmp_ADD_0_2                                        1         1             1
    10 \gate.tmp_ADD_0_3                                        0         0             0
    10 \gate.tmp_and_1                                          0         0             0
    10 \gate.tmp_and_13                                         0         0             0
    10 \gate.tmp_and_14                                         0         0             0
    10 \gate.tmp_and_15                                         0         0             0
    10 \gate.tmp_and_2                                          0         0             0
    10 \gate.tmp_and_3                                          0         0             0
    10 \gate.tmp_and_7                                          0         0             0
    10 \gate.tmp_and_8                                          0         0             0
    10 \gate.tmp_and_9                                          0         0             0
    10 \gate.tmp_mux_24                                         0         0             0
    10 \gate.tmp_mux_25                                         0         0             0
    10 \gate.tmp_mux_26                                         0         0             0
    10 \gate.tmp_mux_27                                         0         0             0
    10 \gate.tmp_mux_28                                         1         1             1
    10 \gate.tmp_mux_29                                         1         1             1
    10 \gate.tmp_mux_30                                         0         0             0
    10 \gate.tmp_mux_31                                         0         0             0
    10 \gate.tmp_or_10                                          0         0             0
    10 \gate.tmp_or_11                                          0         0             0
    10 \gate.tmp_or_16                                          0         0             0
    10 \gate.tmp_or_17                                          0         0             0
    10 \gate.tmp_or_4                                           0         0             0
    10 \gate.tmp_or_5                                           0         0             0
    10 \gate.tmp_xor_0                                          1         1             1
    10 \gate.tmp_xor_12                                         1         1             1
    10 \gate.tmp_xor_18                                         0         0             0
    10 \gate.tmp_xor_6                                          0         0             0
    10 \gate_count_0                                            0         0             0
    10 \gate_count_1                                            0         0             0
    10 \gate_count_2                                            1         1             1
    10 \gate_count_3                                            0         0             0
    10 \gold.clk                                                0         0             0
    10 \gold.count_0                                            0         0             0
    10 \gold.count_1                                            0         0             0
    10 \gold.count_2                                            1         1             1
    10 \gold.count_3                                            0         0             0
    10 \gold.enable                                             0         0             0
    10 \gold.rst                                                0         0             0
    10 \gold_count_0                                            0         0             0
    10 \gold_count_1                                            0         0             0
    10 \gold_count_2                                            1         1             1
    10 \gold_count_3                                            0         0             0
    10 \in_clk                                                  0         0             0
    10 \in_enable                                               0         0             0
    10 \in_rst                                                  0         0             0
    10 \trigger                                                 0         0             0
Dumping SAT model to VCD file cex_after_reset.vcd

End of script. Logfile hash: 3153075d33
CPU: user 0.04s system 0.00s, MEM: 19.27 MB total, 13.68 MB resident
Yosys 0.9 (git sha1 1979e0b)
Time spent: 54% 1x sat (0 sec), 9% 5x opt_clean (0 sec), ...
